  Main.cpp
C:\Users\nicow\source\repos\Street Visualiser\Street Visualiser\Roadmap.h(39,40): warning C4244: "Argument": Konvertierung von "double" in "_Ty", möglicher Datenverlust
          with
          [
              _Ty=int
          ]
C:\Users\nicow\source\repos\Street Visualiser\Street Visualiser\Roadmap.h(40,40): warning C4244: "Argument": Konvertierung von "double" in "_Ty", möglicher Datenverlust
          with
          [
              _Ty=int
          ]
C:\Users\nicow\source\repos\Street Visualiser\Street Visualiser\Roadmap.h(44,40): warning C4244: "Argument": Konvertierung von "double" in "_Ty", möglicher Datenverlust
          with
          [
              _Ty=int
          ]
C:\Users\nicow\source\repos\Street Visualiser\Street Visualiser\Roadmap.h(45,40): warning C4244: "Argument": Konvertierung von "double" in "_Ty", möglicher Datenverlust
          with
          [
              _Ty=int
          ]
C:\Users\nicow\source\repos\Street Visualiser\Street Visualiser\Roadmap.h(62,40): warning C4244: "Argument": Konvertierung von "int" in "float", möglicher Datenverlust
C:\Users\nicow\source\repos\Street Visualiser\Street Visualiser\Roadmap.h(62,29): warning C4244: "Argument": Konvertierung von "int" in "float", möglicher Datenverlust
C:\Users\nicow\source\repos\Street Visualiser\Street Visualiser\Roadmap.h(71,73): warning C4244: "Argument": Konvertierung von "int" in "float", möglicher Datenverlust
C:\Users\nicow\source\repos\Street Visualiser\Street Visualiser\Roadmap.h(71,46): warning C4244: "Argument": Konvertierung von "int" in "float", möglicher Datenverlust
C:\Users\nicow\source\repos\Street Visualiser\Street Visualiser\Roadmap.h(81,73): warning C4244: "Argument": Konvertierung von "int" in "float", möglicher Datenverlust
C:\Users\nicow\source\repos\Street Visualiser\Street Visualiser\Roadmap.h(81,46): warning C4244: "Argument": Konvertierung von "int" in "float", möglicher Datenverlust
C:\Users\nicow\source\repos\Street Visualiser\Street Visualiser\Roadmap.h(95,8): warning C4244: "=": Konvertierung von "int" in "float", möglicher Datenverlust
C:\Users\nicow\source\repos\Street Visualiser\Street Visualiser\Roadmap.h(96,8): warning C4244: "=": Konvertierung von "int" in "float", möglicher Datenverlust
C:\Users\nicow\source\repos\Street Visualiser\Street Visualiser\Roadmap.h(128,32): warning C4244: "Argument": Konvertierung von "_Ty" in "_Ty", möglicher Datenverlust
          with
          [
              _Ty=float
          ]
          and
          [
              _Ty=int
          ]
C:\Users\nicow\source\repos\Street Visualiser\Street Visualiser\Roadmap.h(129,32): warning C4244: "Argument": Konvertierung von "_Ty" in "_Ty", möglicher Datenverlust
          with
          [
              _Ty=float
          ]
          and
          [
              _Ty=int
          ]
C:\Users\nicow\source\repos\Street Visualiser\Street Visualiser\Roadmap.h(159,83): warning C4244: "Argument": Konvertierung von "int" in "T", möglicher Datenverlust
          with
          [
              T=float
          ]
C:\Users\nicow\source\repos\Street Visualiser\Street Visualiser\Roadmap.h(159,66): warning C4244: "Argument": Konvertierung von "int" in "T", möglicher Datenverlust
          with
          [
              T=float
          ]
  Street Visualiser.vcxproj -> C:\Users\nicow\source\repos\Street Visualiser\x64\Debug\Street Visualiser.exe
